begin time:            1.8687 secs
 
Raman mode 01 :   2456.1 cm-1
the top  6 significant branch-pairs:
 + 005 + 003 :    1.858245640600E-001     62.64%
 + 003 + 005 :    1.000505084187E-001     33.73%
 + 005 + 005 :    4.621812108746E-003      1.56%
 + 006 + 006 :    3.077048427110E-003      1.04%
 + 006 + 003 :    1.560040672525E-003      0.53%
 + 003 + 006 :    1.043135247732E-003      0.35%
 
 
Raman mode 02 :   2707.8 cm-1
the top  6 significant branch-pairs:
 + 005 + 005 :    2.220879880816E+000     62.38%
 + 006 + 006 :    1.258906997589E+000     35.36%
 + 005 + 006 :    3.965770261484E-002      1.11%
 + 006 + 005 :    3.924549093083E-002      1.10%
 + 005 + 003 :    5.882255271360E-004      0.02%
 + 003 + 005 :    3.267723455166E-004      0.01%
 
 
Raman mode 03 :   3199.7 cm-1
the top  6 significant branch-pairs:
 + 006 + 006 :    1.819744553803E+000     99.89%
 + 005 + 005 :    1.423702283753E-003      0.08%
 + 006 + 005 :    1.820574579648E-004      0.01%
 + 005 + 006 :    1.791239303271E-004      0.01%
 + 005 + 003 :    6.408429474179E-005      0.00%
 + 003 + 005 :    3.570679408627E-005      0.00%
 
 
total time:           33.2406 secs
 
