begin time:            2.1435 secs
 
Raman mode 01 :   1096.5 cm-1
the top  6 significant branch
 0 + 003 :    5.977186320330E-007     55.06%
 + 003 + 0 :    4.337807651090E-007     39.96%
 + 005 + 0 :    1.666009265637E-008      1.53%
 0 + 005 :    1.389005254861E-008      1.28%
 0 + 006 :    1.151086681634E-008      1.06%
 + 006 + 0 :    1.030808682449E-008      0.95%
 
 
Raman mode 02 :   1355.9 cm-1
the top  6 significant branch
 + 005 + 0 :    9.655302550685E-006     40.80%
 0 + 005 :    7.929828590204E-006     33.51%
 + 006 + 0 :    3.154316625393E-006     13.33%
 0 + 006 :    2.920442354663E-006     12.34%
 0 + 003 :    3.169719082422E-009      0.01%
 + 003 + 0 :    2.168265676171E-009      0.01%
 
 
Raman mode 03 :   1599.9 cm-1
the top  6 significant branch
 0 + 006 :    1.516256002212E-005     55.70%
 + 006 + 0 :    1.201174303303E-005     44.13%
 + 005 + 0 :    2.389486738306E-008      0.09%
 0 + 005 :    2.037249892368E-008      0.07%
 0 + 003 :    7.717560742404E-010      0.00%
 + 003 + 0 :    5.318200392658E-010      0.00%
 
 
total time:           27.6515 secs
 
